0 verbose cli /opt/homebrew/Cellar/node/25.9.0_1/bin/node /opt/homebrew/bin/npm
1 info using npm@11.12.1
2 info using node@v25.9.0
3 silly config load:file:/opt/homebrew/lib/node_modules/npm/npmrc
4 silly config load:file:/Users/malcolmgovender/SwifterWallet/swifter-wallet/.npmrc
5 silly config load:file:/Users/malcolmgovender/.npmrc
6 silly config load:file:/opt/homebrew/etc/npmrc
7 verbose title npm install lucide-react tailwindcss @tailwindcss/postcss postcss
8 verbose argv "install" "lucide-react" "tailwindcss" "@tailwindcss/postcss" "postcss" "--cache" "/Users/malcolmgovender/SwifterWallet/.npm-cache"
9 verbose logfile logs-max:10 dir:/Users/malcolmgovender/SwifterWallet/.npm-cache/_logs/2026-04-11T13_56_02_816Z-
10 verbose logfile /Users/malcolmgovender/SwifterWallet/.npm-cache/_logs/2026-04-11T13_56_02_816Z-debug-0.log
11 silly logfile done cleaning log files
12 silly packumentCache heap:4496293888 maxSize:1124073472 maxEntrySize:562036736
13 verbose shrinkwrap failed to load node_modules/.package-lock.json out of date, updated: node_modules
14 silly idealTree buildDeps
15 silly fetch manifest lucide-react@*
16 silly packumentCache full:https://registry.npmjs.org/lucide-react cache-miss
17 http fetch GET 200 https://registry.npmjs.org/lucide-react 122ms (cache miss)
18 silly packumentCache full:https://registry.npmjs.org/lucide-react set size:undefined disposed:false
19 silly fetch manifest react@19.2.4
20 silly packumentCache full:https://registry.npmjs.org/react cache-miss
21 http fetch GET 200 https://registry.npmjs.org/react 91ms (cache miss)
22 silly packumentCache full:https://registry.npmjs.org/react set size:undefined disposed:false
23 silly fetch manifest tailwindcss@*
24 silly packumentCache full:https://registry.npmjs.org/tailwindcss cache-miss
25 http fetch GET 200 https://registry.npmjs.org/tailwindcss 119ms (cache miss)
26 silly packumentCache full:https://registry.npmjs.org/tailwindcss set size:undefined disposed:false
27 silly fetch manifest @tailwindcss/postcss@*
28 silly packumentCache full:https://registry.npmjs.org/@tailwindcss%2fpostcss cache-miss
29 http fetch GET 200 https://registry.npmjs.org/@tailwindcss%2fpostcss 243ms (cache miss)
30 silly packumentCache full:https://registry.npmjs.org/@tailwindcss%2fpostcss set size:undefined disposed:false
31 silly fetch manifest postcss@*
32 silly packumentCache full:https://registry.npmjs.org/postcss cache-miss
33 http fetch GET 200 https://registry.npmjs.org/postcss 34ms (cache miss)
34 silly packumentCache full:https://registry.npmjs.org/postcss set size:undefined disposed:false
35 silly placeDep ROOT @tailwindcss/postcss@4.2.2 OK for: swifter-wallet@0.1.0 want: *
36 silly placeDep ROOT lucide-react@1.8.0 OK for: swifter-wallet@0.1.0 want: *
37 silly placeDep ROOT postcss@8.5.9 REPLACE for: swifter-wallet@0.1.0 want: *
38 silly placeDep ROOT tailwindcss@4.2.2 OK for: swifter-wallet@0.1.0 want: *
39 silly fetch manifest postcss@^8.5.6
40 silly packumentCache full:https://registry.npmjs.org/postcss cache-miss
41 silly fetch manifest tailwindcss@4.2.2
42 silly packumentCache full:https://registry.npmjs.org/tailwindcss cache-miss
43 silly fetch manifest @alloc/quick-lru@^5.2.0
44 silly packumentCache full:https://registry.npmjs.org/@alloc%2fquick-lru cache-miss
45 silly fetch manifest @tailwindcss/node@4.2.2
46 silly packumentCache full:https://registry.npmjs.org/@tailwindcss%2fnode cache-miss
47 silly fetch manifest @tailwindcss/oxide@4.2.2
48 silly packumentCache full:https://registry.npmjs.org/@tailwindcss%2foxide cache-miss
49 http cache https://registry.npmjs.org/postcss 6ms (cache hit)
50 silly packumentCache full:https://registry.npmjs.org/postcss set size:705229 disposed:false
51 http cache https://registry.npmjs.org/tailwindcss 17ms (cache hit)
52 silly packumentCache full:https://registry.npmjs.org/tailwindcss set size:10331221 disposed:false
53 http fetch GET 200 https://registry.npmjs.org/@tailwindcss%2fnode 53ms (cache miss)
54 silly packumentCache full:https://registry.npmjs.org/@tailwindcss%2fnode set size:undefined disposed:false
55 http fetch GET 200 https://registry.npmjs.org/@tailwindcss%2foxide 171ms (cache miss)
56 silly packumentCache full:https://registry.npmjs.org/@tailwindcss%2foxide set size:undefined disposed:false
57 http fetch GET 200 https://registry.npmjs.org/@alloc%2fquick-lru 417ms (cache miss)
58 silly packumentCache full:https://registry.npmjs.org/@alloc%2fquick-lru set size:undefined disposed:false
59 silly placeDep ROOT @alloc/quick-lru@5.2.0 OK for: @tailwindcss/postcss@4.2.2 want: ^5.2.0
60 silly placeDep ROOT @tailwindcss/node@4.2.2 OK for: @tailwindcss/postcss@4.2.2 want: 4.2.2
61 silly placeDep ROOT @tailwindcss/oxide@4.2.2 OK for: @tailwindcss/postcss@4.2.2 want: 4.2.2
62 silly fetch manifest lightningcss@1.32.0
63 silly packumentCache full:https://registry.npmjs.org/lightningcss cache-miss
64 silly fetch manifest magic-string@^0.30.21
65 silly packumentCache full:https://registry.npmjs.org/magic-string cache-miss
66 silly fetch manifest enhanced-resolve@^5.19.0
67 silly packumentCache full:https://registry.npmjs.org/enhanced-resolve cache-miss
68 silly fetch manifest @tailwindcss/oxide-darwin-x64@4.2.2
69 silly packumentCache full:https://registry.npmjs.org/@tailwindcss%2foxide-darwin-x64 cache-miss
70 silly fetch manifest @tailwindcss/oxide-freebsd-x64@4.2.2
71 silly packumentCache full:https://registry.npmjs.org/@tailwindcss%2foxide-freebsd-x64 cache-miss
72 silly fetch manifest @tailwindcss/oxide-wasm32-wasi@4.2.2
73 silly packumentCache full:https://registry.npmjs.org/@tailwindcss%2foxide-wasm32-wasi cache-miss
74 silly fetch manifest @tailwindcss/oxide-darwin-arm64@4.2.2
75 silly packumentCache full:https://registry.npmjs.org/@tailwindcss%2foxide-darwin-arm64 cache-miss
76 silly fetch manifest @tailwindcss/oxide-android-arm64@4.2.2
77 silly packumentCache full:https://registry.npmjs.org/@tailwindcss%2foxide-android-arm64 cache-miss
78 silly fetch manifest @tailwindcss/oxide-linux-x64-gnu@4.2.2
79 silly packumentCache full:https://registry.npmjs.org/@tailwindcss%2foxide-linux-x64-gnu cache-miss
80 http fetch GET 200 https://registry.npmjs.org/magic-string 36ms (cache miss)
81 silly packumentCache full:https://registry.npmjs.org/magic-string set size:undefined disposed:false
82 silly fetch manifest @tailwindcss/oxide-linux-x64-musl@4.2.2
83 silly packumentCache full:https://registry.npmjs.org/@tailwindcss%2foxide-linux-x64-musl cache-miss
84 http fetch GET 200 https://registry.npmjs.org/enhanced-resolve 70ms (cache miss)
85 silly packumentCache full:https://registry.npmjs.org/enhanced-resolve set size:undefined disposed:false
86 silly fetch manifest @tailwindcss/oxide-win32-x64-msvc@4.2.2
87 silly packumentCache full:https://registry.npmjs.org/@tailwindcss%2foxide-win32-x64-msvc cache-miss
88 http fetch GET 200 https://registry.npmjs.org/@tailwindcss%2foxide-wasm32-wasi 96ms (cache miss)
89 silly packumentCache full:https://registry.npmjs.org/@tailwindcss%2foxide-wasm32-wasi set size:undefined disposed:false
90 silly fetch manifest @tailwindcss/oxide-linux-arm64-gnu@4.2.2
91 silly packumentCache full:https://registry.npmjs.org/@tailwindcss%2foxide-linux-arm64-gnu cache-miss
92 http fetch GET 200 https://registry.npmjs.org/@tailwindcss%2foxide-android-arm64 135ms (cache miss)
93 silly packumentCache full:https://registry.npmjs.org/@tailwindcss%2foxide-android-arm64 set size:undefined disposed:false
94 silly fetch manifest @tailwindcss/oxide-linux-arm64-musl@4.2.2
95 silly packumentCache full:https://registry.npmjs.org/@tailwindcss%2foxide-linux-arm64-musl cache-miss
96 http fetch GET 200 https://registry.npmjs.org/@tailwindcss%2foxide-darwin-arm64 142ms (cache miss)
97 silly packumentCache full:https://registry.npmjs.org/@tailwindcss%2foxide-darwin-arm64 set size:undefined disposed:false
98 silly fetch manifest @tailwindcss/oxide-win32-arm64-msvc@4.2.2
99 silly packumentCache full:https://registry.npmjs.org/@tailwindcss%2foxide-win32-arm64-msvc cache-miss
100 http fetch GET 200 https://registry.npmjs.org/@tailwindcss%2foxide-darwin-x64 160ms (cache miss)
101 silly packumentCache full:https://registry.npmjs.org/@tailwindcss%2foxide-darwin-x64 set size:undefined disposed:false
102 silly fetch manifest @tailwindcss/oxide-linux-arm-gnueabihf@4.2.2
103 silly packumentCache full:https://registry.npmjs.org/@tailwindcss%2foxide-linux-arm-gnueabihf cache-miss
104 http fetch GET 200 https://registry.npmjs.org/@tailwindcss%2foxide-linux-x64-musl 146ms (cache miss)
105 silly packumentCache full:https://registry.npmjs.org/@tailwindcss%2foxide-linux-x64-musl set size:undefined disposed:false
106 http fetch GET 200 https://registry.npmjs.org/@tailwindcss%2foxide-freebsd-x64 189ms (cache miss)
107 silly packumentCache full:https://registry.npmjs.org/@tailwindcss%2foxide-freebsd-x64 set size:undefined disposed:false
108 http fetch GET 200 https://registry.npmjs.org/@tailwindcss%2foxide-linux-x64-gnu 208ms (cache miss)
109 silly packumentCache full:https://registry.npmjs.org/@tailwindcss%2foxide-linux-x64-gnu set size:undefined disposed:false
110 http fetch GET 200 https://registry.npmjs.org/@tailwindcss%2foxide-win32-x64-msvc 159ms (cache miss)
111 silly packumentCache full:https://registry.npmjs.org/@tailwindcss%2foxide-win32-x64-msvc set size:undefined disposed:false
112 http fetch GET 200 https://registry.npmjs.org/@tailwindcss%2foxide-linux-arm64-gnu 142ms (cache miss)
113 silly packumentCache full:https://registry.npmjs.org/@tailwindcss%2foxide-linux-arm64-gnu set size:undefined disposed:false
114 http fetch GET 200 https://registry.npmjs.org/@tailwindcss%2foxide-win32-arm64-msvc 98ms (cache miss)
115 silly packumentCache full:https://registry.npmjs.org/@tailwindcss%2foxide-win32-arm64-msvc set size:undefined disposed:false
116 http fetch GET 200 https://registry.npmjs.org/@tailwindcss%2foxide-linux-arm-gnueabihf 108ms (cache miss)
117 silly packumentCache full:https://registry.npmjs.org/@tailwindcss%2foxide-linux-arm-gnueabihf set size:undefined disposed:false
118 http fetch GET 200 https://registry.npmjs.org/@tailwindcss%2foxide-linux-arm64-musl 137ms (cache miss)
119 silly packumentCache full:https://registry.npmjs.org/@tailwindcss%2foxide-linux-arm64-musl set size:undefined disposed:false
120 http fetch GET 200 https://registry.npmjs.org/lightningcss 360ms (cache miss)
121 silly packumentCache full:https://registry.npmjs.org/lightningcss set size:undefined disposed:false
122 silly placeDep ROOT enhanced-resolve@5.20.1 OK for: @tailwindcss/node@4.2.2 want: ^5.19.0
123 silly placeDep ROOT lightningcss@1.32.0 OK for: @tailwindcss/node@4.2.2 want: 1.32.0
124 silly placeDep ROOT magic-string@0.30.21 OK for: @tailwindcss/node@4.2.2 want: ^0.30.21
125 silly fetch manifest tapable@^2.3.0
126 silly packumentCache full:https://registry.npmjs.org/tapable cache-miss
127 silly fetch manifest lightningcss-darwin-x64@1.32.0
128 silly packumentCache full:https://registry.npmjs.org/lightningcss-darwin-x64 cache-miss
129 silly fetch manifest lightningcss-linux-x64-gnu@1.32.0
130 silly packumentCache full:https://registry.npmjs.org/lightningcss-linux-x64-gnu cache-miss
131 silly fetch manifest lightningcss-win32-x64-msvc@1.32.0
132 silly packumentCache full:https://registry.npmjs.org/lightningcss-win32-x64-msvc cache-miss
133 silly fetch manifest lightningcss-win32-arm64-msvc@1.32.0
134 silly packumentCache full:https://registry.npmjs.org/lightningcss-win32-arm64-msvc cache-miss
135 silly fetch manifest lightningcss-darwin-arm64@1.32.0
136 silly packumentCache full:https://registry.npmjs.org/lightningcss-darwin-arm64 cache-miss
137 silly fetch manifest lightningcss-linux-arm64-gnu@1.32.0
138 silly packumentCache full:https://registry.npmjs.org/lightningcss-linux-arm64-gnu cache-miss
139 silly fetch manifest lightningcss-linux-arm-gnueabihf@1.32.0
140 silly packumentCache full:https://registry.npmjs.org/lightningcss-linux-arm-gnueabihf cache-miss
141 silly fetch manifest lightningcss-linux-arm64-musl@1.32.0
142 silly packumentCache full:https://registry.npmjs.org/lightningcss-linux-arm64-musl cache-miss
143 http fetch GET 200 https://registry.npmjs.org/lightningcss-linux-arm64-musl 31ms (cache miss)
144 silly packumentCache full:https://registry.npmjs.org/lightningcss-linux-arm64-musl set size:undefined disposed:false
145 silly fetch manifest lightningcss-linux-x64-musl@1.32.0
146 silly packumentCache full:https://registry.npmjs.org/lightningcss-linux-x64-musl cache-miss
147 http fetch GET 200 https://registry.npmjs.org/lightningcss-linux-arm64-gnu 32ms (cache miss)
148 silly packumentCache full:https://registry.npmjs.org/lightningcss-linux-arm64-gnu set size:undefined disposed:false
149 silly fetch manifest lightningcss-freebsd-x64@1.32.0
150 silly packumentCache full:https://registry.npmjs.org/lightningcss-freebsd-x64 cache-miss
151 http fetch GET 200 https://registry.npmjs.org/lightningcss-darwin-arm64 33ms (cache miss)
152 silly packumentCache full:https://registry.npmjs.org/lightningcss-darwin-arm64 set size:undefined disposed:false
153 silly fetch manifest lightningcss-android-arm64@1.32.0
154 silly packumentCache full:https://registry.npmjs.org/lightningcss-android-arm64 cache-miss
155 http fetch GET 200 https://registry.npmjs.org/lightningcss-win32-x64-msvc 34ms (cache miss)
156 silly packumentCache full:https://registry.npmjs.org/lightningcss-win32-x64-msvc set size:undefined disposed:false
157 http fetch GET 200 https://registry.npmjs.org/lightningcss-win32-arm64-msvc 35ms (cache miss)
158 silly packumentCache full:https://registry.npmjs.org/lightningcss-win32-arm64-msvc set size:undefined disposed:false
159 http fetch GET 200 https://registry.npmjs.org/lightningcss-linux-arm-gnueabihf 34ms (cache miss)
160 silly packumentCache full:https://registry.npmjs.org/lightningcss-linux-arm-gnueabihf set size:undefined disposed:false
161 http fetch GET 200 https://registry.npmjs.org/lightningcss-linux-x64-gnu 35ms (cache miss)
162 silly packumentCache full:https://registry.npmjs.org/lightningcss-linux-x64-gnu set size:undefined disposed:false
163 http fetch GET 200 https://registry.npmjs.org/tapable 36ms (cache miss)
164 silly packumentCache full:https://registry.npmjs.org/tapable set size:undefined disposed:false
165 http fetch GET 200 https://registry.npmjs.org/lightningcss-darwin-x64 40ms (cache miss)
166 silly packumentCache full:https://registry.npmjs.org/lightningcss-darwin-x64 set size:undefined disposed:false
167 http fetch GET 200 https://registry.npmjs.org/lightningcss-freebsd-x64 25ms (cache miss)
168 silly packumentCache full:https://registry.npmjs.org/lightningcss-freebsd-x64 set size:undefined disposed:false
169 http fetch GET 200 https://registry.npmjs.org/lightningcss-android-arm64 26ms (cache miss)
170 silly packumentCache full:https://registry.npmjs.org/lightningcss-android-arm64 set size:undefined disposed:false
171 http fetch GET 200 https://registry.npmjs.org/lightningcss-linux-x64-musl 30ms (cache miss)
172 silly packumentCache full:https://registry.npmjs.org/lightningcss-linux-x64-musl set size:undefined disposed:false
173 silly placeDep ROOT @tailwindcss/oxide-android-arm64@4.2.2 OK for: @tailwindcss/oxide@4.2.2 want: 4.2.2
174 silly placeDep ROOT @tailwindcss/oxide-darwin-arm64@4.2.2 OK for: @tailwindcss/oxide@4.2.2 want: 4.2.2
175 silly placeDep ROOT @tailwindcss/oxide-darwin-x64@4.2.2 OK for: @tailwindcss/oxide@4.2.2 want: 4.2.2
176 silly placeDep ROOT @tailwindcss/oxide-freebsd-x64@4.2.2 OK for: @tailwindcss/oxide@4.2.2 want: 4.2.2
177 silly placeDep ROOT @tailwindcss/oxide-linux-arm-gnueabihf@4.2.2 OK for: @tailwindcss/oxide@4.2.2 want: 4.2.2
178 silly placeDep ROOT @tailwindcss/oxide-linux-arm64-gnu@4.2.2 OK for: @tailwindcss/oxide@4.2.2 want: 4.2.2
179 silly placeDep ROOT @tailwindcss/oxide-linux-arm64-musl@4.2.2 OK for: @tailwindcss/oxide@4.2.2 want: 4.2.2
180 silly placeDep ROOT @tailwindcss/oxide-linux-x64-gnu@4.2.2 OK for: @tailwindcss/oxide@4.2.2 want: 4.2.2
181 silly placeDep ROOT @tailwindcss/oxide-linux-x64-musl@4.2.2 OK for: @tailwindcss/oxide@4.2.2 want: 4.2.2
182 silly placeDep ROOT @tailwindcss/oxide-wasm32-wasi@4.2.2 OK for: @tailwindcss/oxide@4.2.2 want: 4.2.2
183 silly placeDep ROOT @tailwindcss/oxide-win32-arm64-msvc@4.2.2 OK for: @tailwindcss/oxide@4.2.2 want: 4.2.2
184 silly placeDep ROOT @tailwindcss/oxide-win32-x64-msvc@4.2.2 OK for: @tailwindcss/oxide@4.2.2 want: 4.2.2
185 silly placeDep ROOT tapable@2.3.2 OK for: enhanced-resolve@5.20.1 want: ^2.3.0
186 silly placeDep ROOT lightningcss-android-arm64@1.32.0 OK for: lightningcss@1.32.0 want: 1.32.0
187 silly placeDep ROOT lightningcss-darwin-arm64@1.32.0 OK for: lightningcss@1.32.0 want: 1.32.0
188 silly placeDep ROOT lightningcss-darwin-x64@1.32.0 OK for: lightningcss@1.32.0 want: 1.32.0
189 silly placeDep ROOT lightningcss-freebsd-x64@1.32.0 OK for: lightningcss@1.32.0 want: 1.32.0
190 silly placeDep ROOT lightningcss-linux-arm-gnueabihf@1.32.0 OK for: lightningcss@1.32.0 want: 1.32.0
191 silly placeDep ROOT lightningcss-linux-arm64-gnu@1.32.0 OK for: lightningcss@1.32.0 want: 1.32.0
192 silly placeDep ROOT lightningcss-linux-arm64-musl@1.32.0 OK for: lightningcss@1.32.0 want: 1.32.0
193 silly placeDep ROOT lightningcss-linux-x64-gnu@1.32.0 OK for: lightningcss@1.32.0 want: 1.32.0
194 silly placeDep ROOT lightningcss-linux-x64-musl@1.32.0 OK for: lightningcss@1.32.0 want: 1.32.0
195 silly placeDep ROOT lightningcss-win32-arm64-msvc@1.32.0 OK for: lightningcss@1.32.0 want: 1.32.0
196 silly placeDep ROOT lightningcss-win32-x64-msvc@1.32.0 OK for: lightningcss@1.32.0 want: 1.32.0
197 silly fetch manifest postcss@8.4.31
198 silly packumentCache full:https://registry.npmjs.org/postcss cache-hit
199 silly placeDep node_modules/next postcss@8.4.31 OK for: next@16.2.3 want: 8.4.31
200 silly reify mark retired [
200 silly reify   '/Users/malcolmgovender/SwifterWallet/swifter-wallet/node_modules/postcss'
200 silly reify ]
201 silly reify moves {
201 silly reify   '/Users/malcolmgovender/SwifterWallet/swifter-wallet/node_modules/postcss': '/Users/malcolmgovender/SwifterWallet/swifter-wallet/node_modules/.postcss-wAVe6Qwd'
201 silly reify }
202 silly audit bulk request {
202 silly audit   '@babel/code-frame': [ '7.29.0' ],
202 silly audit   '@babel/compat-data': [ '7.29.0' ],
202 silly audit   '@babel/core': [ '7.29.0' ],
202 silly audit   '@babel/generator': [ '7.29.1' ],
202 silly audit   '@babel/helper-compilation-targets': [ '7.28.6' ],
202 silly audit   '@babel/helper-globals': [ '7.28.0' ],
202 silly audit   '@babel/helper-module-imports': [ '7.28.6' ],
202 silly audit   '@babel/helper-module-transforms': [ '7.28.6' ],
202 silly audit   '@babel/helper-string-parser': [ '7.27.1' ],
202 silly audit   '@babel/helper-validator-identifier': [ '7.28.5' ],
202 silly audit   '@babel/helper-validator-option': [ '7.27.1' ],
202 silly audit   '@babel/helpers': [ '7.29.2' ],
202 silly audit   '@babel/parser': [ '7.29.2' ],
202 silly audit   '@babel/template': [ '7.28.6' ],
202 silly audit   '@babel/traverse': [ '7.29.0' ],
202 silly audit   '@babel/types': [ '7.29.0' ],
202 silly audit   '@electric-sql/pglite': [ '0.4.1' ],
202 silly audit   '@electric-sql/pglite-socket': [ '0.1.1' ],
202 silly audit   '@electric-sql/pglite-tools': [ '0.3.1' ],
202 silly audit   '@emnapi/core': [ '1.9.2' ],
202 silly audit   '@emnapi/runtime': [ '1.9.2' ],
202 silly audit   '@emnapi/wasi-threads': [ '1.2.1' ],
202 silly audit   '@eslint-community/eslint-utils': [ '4.9.1' ],
202 silly audit   'eslint-visitor-keys': [ '3.4.3', '5.0.1', '4.2.1' ],
202 silly audit   '@eslint-community/regexpp': [ '4.12.2' ],
202 silly audit   '@eslint/config-array': [ '0.21.2' ],
202 silly audit   '@eslint/config-helpers': [ '0.4.2' ],
202 silly audit   '@eslint/core': [ '0.17.0' ],
202 silly audit   '@eslint/eslintrc': [ '3.3.5' ],
202 silly audit   '@eslint/js': [ '9.39.4' ],
202 silly audit   '@eslint/object-schema': [ '2.1.7' ],
202 silly audit   '@eslint/plugin-kit': [ '0.4.1' ],
202 silly audit   '@hono/node-server': [ '1.19.11' ],
202 silly audit   '@humanfs/core': [ '0.19.1' ],
202 silly audit   '@humanfs/node': [ '0.16.7' ],
202 silly audit   '@humanwhocodes/module-importer': [ '1.0.1' ],
202 silly audit   '@humanwhocodes/retry': [ '0.4.3' ],
202 silly audit   '@img/colour': [ '1.1.0' ],
202 silly audit   '@img/sharp-darwin-arm64': [ '0.34.5' ],
202 silly audit   '@img/sharp-darwin-x64': [ '0.34.5' ],
202 silly audit   '@img/sharp-libvips-darwin-arm64': [ '1.2.4' ],
202 silly audit   '@img/sharp-libvips-darwin-x64': [ '1.2.4' ],
202 silly audit   '@img/sharp-libvips-linux-arm': [ '1.2.4' ],
202 silly audit   '@img/sharp-libvips-linux-arm64': [ '1.2.4' ],
202 silly audit   '@img/sharp-libvips-linux-ppc64': [ '1.2.4' ],
202 silly audit   '@img/sharp-libvips-linux-riscv64': [ '1.2.4' ],
202 silly audit   '@img/sharp-libvips-linux-s390x': [ '1.2.4' ],
202 silly audit   '@img/sharp-libvips-linux-x64': [ '1.2.4' ],
202 silly audit   '@img/sharp-libvips-linuxmusl-arm64': [ '1.2.4' ],
202 silly audit   '@img/sharp-libvips-linuxmusl-x64': [ '1.2.4' ],
202 silly audit   '@img/sharp-linux-arm': [ '0.34.5' ],
202 silly audit   '@img/sharp-linux-arm64': [ '0.34.5' ],
202 silly audit   '@img/sharp-linux-ppc64': [ '0.34.5' ],
202 silly audit   '@img/sharp-linux-riscv64': [ '0.34.5' ],
202 silly audit   '@img/sharp-linux-s390x': [ '0.34.5' ],
202 silly audit   '@img/sharp-linux-x64': [ '0.34.5' ],
202 silly audit   '@img/sharp-linuxmusl-arm64': [ '0.34.5' ],
202 silly audit   '@img/sharp-linuxmusl-x64': [ '0.34.5' ],
202 silly audit   '@img/sharp-wasm32': [ '0.34.5' ],
202 silly audit   '@img/sharp-win32-arm64': [ '0.34.5' ],
202 silly audit   '@img/sharp-win32-ia32': [ '0.34.5' ],
202 silly audit   '@img/sharp-win32-x64': [ '0.34.5' ],
202 silly audit   '@jridgewell/gen-mapping': [ '0.3.13' ],
202 silly audit   '@jridgewell/remapping': [ '2.3.5' ],
202 silly audit   '@jridgewell/resolve-uri': [ '3.1.2' ],
202 silly audit   '@jridgewell/sourcemap-codec': [ '1.5.5' ],
202 silly audit   '@jridgewell/trace-mapping': [ '0.3.31' ],
202 silly audit   '@kurkle/color': [ '0.3.4' ],
202 silly audit   '@napi-rs/wasm-runtime': [ '0.2.12' ],
202 silly audit   '@next/env': [ '16.2.3' ],
202 silly audit   '@next/eslint-plugin-next': [ '16.2.3' ],
202 silly audit   '@next/swc-darwin-arm64': [ '16.2.3' ],
202 silly audit   '@next/swc-darwin-x64': [ '16.2.3' ],
202 silly audit   '@next/swc-linux-arm64-gnu': [ '16.2.3' ],
202 silly audit   '@next/swc-linux-arm64-musl': [ '16.2.3' ],
202 silly audit   '@next/swc-linux-x64-gnu': [ '16.2.3' ],
202 silly audit   '@next/swc-linux-x64-musl': [ '16.2.3' ],
202 silly audit   '@next/swc-win32-arm64-msvc': [ '16.2.3' ],
202 silly audit   '@next/swc-win32-x64-msvc': [ '16.2.3' ],
202 silly audit   '@nodelib/fs.scandir': [ '2.1.5' ],
202 silly audit   '@nodelib/fs.stat': [ '2.0.5' ],
202 silly audit   '@nodelib/fs.walk': [ '1.2.8' ],
202 silly audit   '@nolyfill/is-core-module': [ '1.0.39' ],
202 silly audit   '@prisma/adapter-pg': [ '7.7.0' ],
202 silly audit   '@prisma/client': [ '7.7.0' ],
202 silly audit   '@prisma/client-runtime-utils': [ '7.7.0' ],
202 silly audit   '@prisma/config': [ '7.7.0' ],
202 silly audit   '@prisma/debug': [ '7.7.0', '7.2.0' ],
202 silly audit   '@prisma/dev': [ '0.24.3' ],
202 silly audit   '@prisma/driver-adapter-utils': [ '7.7.0' ],
202 silly audit   '@prisma/engines': [ '7.7.0' ],
202 silly audit   '@prisma/engines-version': [ '7.6.0-1.75cbdc1eb7150937890ad5465d861175c6624711' ],
202 silly audit   '@prisma/get-platform': [ '7.7.0', '7.2.0' ],
202 silly audit   '@prisma/fetch-engine': [ '7.7.0' ],
202 silly audit   '@prisma/query-plan-executor': [ '7.2.0' ],
202 silly audit   '@prisma/streams-local': [ '0.1.2' ],
202 silly audit   ajv: [ '8.18.0', '6.14.0' ],
202 silly audit   'json-schema-traverse': [ '1.0.0', '0.4.1' ],
202 silly audit   '@prisma/studio-core': [ '0.27.3' ],
202 silly audit   '@radix-ui/primitive': [ '1.1.3' ],
202 silly audit   '@radix-ui/react-compose-refs': [ '1.1.2' ],
202 silly audit   '@radix-ui/react-primitive': [ '2.1.3' ],
202 silly audit   '@radix-ui/react-slot': [ '1.2.3' ],
202 silly audit   '@radix-ui/react-toggle': [ '1.1.10' ],
202 silly audit   '@radix-ui/react-use-controllable-state': [ '1.2.2' ],
202 silly audit   '@radix-ui/react-use-effect-event': [ '0.0.2' ],
202 silly audit   '@radix-ui/react-use-layout-effect': [ '1.1.1' ],
202 silly audit   '@rtsao/scc': [ '1.1.0' ],
202 silly audit   '@standard-schema/spec': [ '1.1.0' ],
202 silly audit   '@swc/helpers': [ '0.5.15' ],
202 silly audit   '@tybys/wasm-util': [ '0.10.1' ],
202 silly audit   '@types/estree': [ '1.0.8' ],
202 silly audit   '@types/json-schema': [ '7.0.15' ],
202 silly audit   '@types/json5': [ '0.0.29' ],
202 silly audit   '@types/node': [ '20.19.39' ],
202 silly audit   '@types/pg': [ '8.20.0' ],
202 silly audit   '@types/react': [ '19.2.14' ],
202 silly audit   '@types/react-dom': [ '19.2.3' ],
202 silly audit   '@typescript-eslint/eslint-plugin': [ '8.58.1' ],
202 silly audit   ignore: [ '7.0.5', '5.3.2' ],
202 silly audit   '@typescript-eslint/parser': [ '8.58.1' ],
202 silly audit   '@typescript-eslint/project-service': [ '8.58.1' ],
202 silly audit   '@typescript-eslint/scope-manager': [ '8.58.1' ],
202 silly audit   '@typescript-eslint/tsconfig-utils': [ '8.58.1' ],
202 silly audit   '@typescript-eslint/type-utils': [ '8.58.1' ],
202 silly audit   '@typescript-eslint/types': [ '8.58.1' ],
202 silly audit   '@typescript-eslint/typescript-estree': [ '8.58.1' ],
202 silly audit   'balanced-match': [ '4.0.4', '1.0.2' ],
202 silly audit   'brace-expansion': [ '5.0.5', '1.1.13' ],
202 silly audit   minimatch: [ '10.2.5', '3.1.5' ],
202 silly audit   semver: [ '7.7.4', '6.3.1' ],
202 silly audit   '@typescript-eslint/utils': [ '8.58.1' ],
202 silly audit   '@typescript-eslint/visitor-keys': [ '8.58.1' ],
202 silly audit   '@unrs/resolver-binding-android-arm-eabi': [ '1.11.1' ],
202 silly audit   '@unrs/resolver-binding-android-arm64': [ '1.11.1' ],
202 silly audit   '@unrs/resolver-binding-darwin-arm64': [ '1.11.1' ],
202 silly audit   '@unrs/resolver-binding-darwin-x64': [ '1.11.1' ],
202 silly audit   '@unrs/resolver-binding-freebsd-x64': [ '1.11.1' ],
202 silly audit   '@unrs/resolver-binding-linux-arm-gnueabihf': [ '1.11.1' ],
202 silly audit   '@unrs/resolver-binding-linux-arm-musleabihf': [ '1.11.1' ],
202 silly audit   '@unrs/resolver-binding-linux-arm64-gnu': [ '1.11.1' ],
202 silly audit   '@unrs/resolver-binding-linux-arm64-musl': [ '1.11.1' ],
202 silly audit   '@unrs/resolver-binding-linux-ppc64-gnu': [ '1.11.1' ],
202 silly audit   '@unrs/resolver-binding-linux-riscv64-gnu': [ '1.11.1' ],
202 silly audit   '@unrs/resolver-binding-linux-riscv64-musl': [ '1.11.1' ],
202 silly audit   '@unrs/resolver-binding-linux-s390x-gnu': [ '1.11.1' ],
202 silly audit   '@unrs/resolver-binding-linux-x64-gnu': [ '1.11.1' ],
202 silly audit   '@unrs/resolver-binding-linux-x64-musl': [ '1.11.1' ],
202 silly audit   '@unrs/resolver-binding-wasm32-wasi': [ '1.11.1' ],
202 silly audit   '@unrs/resolver-binding-win32-arm64-msvc': [ '1.11.1' ],
202 silly audit   '@unrs/resolver-binding-win32-ia32-msvc': [ '1.11.1' ],
202 silly audit   '@unrs/resolver-binding-win32-x64-msvc': [ '1.11.1' ],
202 silly audit   acorn: [ '8.16.0' ],
202 silly audit   'acorn-jsx': [ '5.3.2' ],
202 silly audit   'ansi-styles': [ '4.3.0' ],
202 silly audit   argparse: [ '2.0.1' ],
202 silly audit   'aria-query': [ '5.3.2' ],
202 silly audit   'array-buffer-byte-length': [ '1.0.2' ],
202 silly audit   'array-includes': [ '3.1.9' ],
202 silly audit   'array.prototype.findlast': [ '1.2.5' ],
202 silly audit   'array.prototype.findlastindex': [ '1.2.6' ],
202 silly audit   'array.prototype.flat': [ '1.3.3' ],
202 silly audit   'array.prototype.flatmap': [ '1.3.3' ],
202 silly audit   'array.prototype.tosorted': [ '1.1.4' ],
202 silly audit   'arraybuffer.prototype.slice': [ '1.0.4' ],
202 silly audit   'ast-types-flow': [ '0.0.8' ],
202 silly audit   'async-function': [ '1.0.0' ],
202 silly audit   'available-typed-arrays': [ '1.0.7' ],
202 silly audit   'aws-ssl-profiles': [ '1.1.2' ],
202 silly audit   'axe-core': [ '4.11.2' ],
202 silly audit   'axobject-query': [ '4.1.0' ],
202 silly audit   'baseline-browser-mapping': [ '2.10.17' ],
202 silly audit   'better-result': [ '2.8.2' ],
202 silly audit   braces: [ '3.0.3' ],
202 silly audit   browserslist: [ '4.28.2' ],
202 silly audit   c12: [ '3.1.0' ],
202 silly audit   dotenv: [ '16.6.1', '17.4.1' ],
202 silly audit   'call-bind': [ '1.0.9' ],
202 silly audit   'call-bind-apply-helpers': [ '1.0.2' ],
202 silly audit   'call-bound': [ '1.0.4' ],
202 silly audit   callsites: [ '3.1.0' ],
202 silly audit   'caniuse-lite': [ '1.0.30001787' ],
202 silly audit   chalk: [ '4.1.2' ],
202 silly audit   'chart.js': [ '4.5.1' ],
202 silly audit   chokidar: [ '4.0.3' ],
202 silly audit   citty: [ '0.1.6', '0.2.2' ],
202 silly audit   'client-only': [ '0.0.1' ],
202 silly audit   'color-convert': [ '2.0.1' ],
202 silly audit   'color-name': [ '1.1.4' ],
202 silly audit   'concat-map': [ '0.0.1' ],
202 silly audit   confbox: [ '0.2.4' ],
202 silly audit   consola: [ '3.4.2' ],
202 silly audit   'convert-source-map': [ '2.0.0' ],
202 silly audit   'cross-spawn': [ '7.0.6' ],
202 silly audit   csstype: [ '3.2.3' ],
202 silly audit   'damerau-levenshtein': [ '1.0.8' ],
202 silly audit   'data-view-buffer': [ '1.0.2' ],
202 silly audit   'data-view-byte-length': [ '1.0.2' ],
202 silly audit   'data-view-byte-offset': [ '1.0.1' ],
202 silly audit   debug: [ '4.4.3', '3.2.7' ],
202 silly audit   'deep-is': [ '0.1.4' ],
202 silly audit   'deepmerge-ts': [ '7.1.5' ],
202 silly audit   'define-data-property': [ '1.1.4' ],
202 silly audit   'define-properties': [ '1.2.1' ],
202 silly audit   defu: [ '6.1.7' ],
202 silly audit   denque: [ '2.1.0' ],
202 silly audit   destr: [ '2.0.5' ],
202 silly audit   'detect-libc': [ '2.1.2' ],
202 silly audit   doctrine: [ '2.1.0' ],
202 silly audit   'dunder-proto': [ '1.0.1' ],
202 silly audit   effect: [ '3.20.0' ],
202 silly audit   'electron-to-chromium': [ '1.5.335' ],
202 silly audit   'emoji-regex': [ '9.2.2' ],
202 silly audit   empathic: [ '2.0.0' ],
202 silly audit   'env-paths': [ '3.0.0' ],
202 silly audit   'es-abstract': [ '1.24.2' ],
202 silly audit   'es-define-property': [ '1.0.1' ],
202 silly audit   'es-errors': [ '1.3.0' ],
202 silly audit   'es-iterator-helpers': [ '1.3.2' ],
202 silly audit   'es-object-atoms': [ '1.1.1' ],
202 silly audit   'es-set-tostringtag': [ '2.1.0' ],
202 silly audit   'es-shim-unscopables': [ '1.1.0' ],
202 silly audit   'es-to-primitive': [ '1.3.0' ],
202 silly audit   escalade: [ '3.2.0' ],
202 silly audit   'escape-string-regexp': [ '4.0.0' ],
202 silly audit   eslint: [ '9.39.4' ],
202 silly audit   'eslint-config-next': [ '16.2.3' ],
202 silly audit   globals: [ '16.4.0', '14.0.0' ],
202 silly audit   'eslint-import-resolver-node': [ '0.3.10' ],
202 silly audit   'eslint-import-resolver-typescript': [ '3.10.1' ],
202 silly audit   'eslint-module-utils': [ '2.12.1' ],
202 silly audit   'eslint-plugin-import': [ '2.32.0' ],
202 silly audit   'eslint-plugin-jsx-a11y': [ '6.10.2' ],
202 silly audit   'eslint-plugin-react': [ '7.37.5' ],
202 silly audit   'eslint-plugin-react-hooks': [ '7.0.1' ],
202 silly audit   'eslint-scope': [ '8.4.0' ],
202 silly audit   espree: [ '10.4.0' ],
202 silly audit   esquery: [ '1.7.0' ],
202 silly audit   esrecurse: [ '4.3.0' ],
202 silly audit   estraverse: [ '5.3.0' ],
202 silly audit   esutils: [ '2.0.3' ],
202 silly audit   exsolve: [ '1.0.8' ],
202 silly audit   'fast-check': [ '3.23.2' ],
202 silly audit   'fast-deep-equal': [ '3.1.3' ],
202 silly audit   'fast-glob': [ '3.3.1' ],
202 silly audit   'glob-parent': [ '5.1.2', '6.0.2' ],
202 silly audit   'fast-json-stable-stringify': [ '2.1.0' ],
202 silly audit   'fast-levenshtein': [ '2.0.6' ],
202 silly audit   'fast-uri': [ '3.1.0' ],
202 silly audit   fastq: [ '1.20.1' ],
202 silly audit   'file-entry-cache': [ '8.0.0' ],
202 silly audit   'fill-range': [ '7.1.1' ],
202 silly audit   'find-up': [ '5.0.0' ],
202 silly audit   'flat-cache': [ '4.0.1' ],
202 silly audit   flatted: [ '3.4.2' ],
202 silly audit   'for-each': [ '0.3.5' ],
202 silly audit   'foreground-child': [ '3.3.1' ],
202 silly audit   'function-bind': [ '1.1.2' ],
202 silly audit   'function.prototype.name': [ '1.1.8' ],
202 silly audit   'functions-have-names': [ '1.2.3' ],
202 silly audit   'generate-function': [ '2.3.1' ],
202 silly audit   'generator-function': [ '2.0.1' ],
202 silly audit   gensync: [ '1.0.0-beta.2' ],
202 silly audit   'get-intrinsic': [ '1.3.0' ],
202 silly audit   'get-port-please': [ '3.2.0' ],
202 silly audit   'get-proto': [ '1.0.1' ],
202 silly audit   'get-symbol-description': [ '1.1.0' ],
202 silly audit   'get-tsconfig': [ '4.13.7' ],
202 silly audit   giget: [ '2.0.0' ],
202 silly audit   globalthis: [ '1.0.4' ],
202 silly audit   gopd: [ '1.2.0' ],
202 silly audit   'graceful-fs': [ '4.2.11' ],
202 silly audit   grammex: [ '3.1.12' ],
202 silly audit   graphmatch: [ '1.1.1' ],
202 silly audit   'has-bigints': [ '1.1.0' ],
202 silly audit   'has-flag': [ '4.0.0' ],
202 silly audit   'has-property-descriptors': [ '1.0.2' ],
202 silly audit   'has-proto': [ '1.2.0' ],
202 silly audit   'has-symbols': [ '1.1.0' ],
202 silly audit   'has-tostringtag': [ '1.0.2' ],
202 silly audit   hasown: [ '2.0.2' ],
202 silly audit   'hermes-estree': [ '0.25.1' ],
202 silly audit   'hermes-parser': [ '0.25.1' ],
202 silly audit   hono: [ '4.12.12' ],
202 silly audit   'http-status-codes': [ '2.3.0' ],
202 silly audit   'iconv-lite': [ '0.7.2' ],
202 silly audit   'import-fresh': [ '3.3.1' ],
202 silly audit   imurmurhash: [ '0.1.4' ],
202 silly audit   'internal-slot': [ '1.1.0' ],
202 silly audit   'is-array-buffer': [ '3.0.5' ],
202 silly audit   'is-async-function': [ '2.1.1' ],
202 silly audit   'is-bigint': [ '1.1.0' ],
202 silly audit   'is-boolean-object': [ '1.2.2' ],
202 silly audit   'is-bun-module': [ '2.0.0' ],
202 silly audit   'is-callable': [ '1.2.7' ],
202 silly audit   'is-core-module': [ '2.16.1' ],
202 silly audit   'is-data-view': [ '1.0.2' ],
202 silly audit   'is-date-object': [ '1.1.0' ],
202 silly audit   'is-extglob': [ '2.1.1' ],
202 silly audit   'is-finalizationregistry': [ '1.1.1' ],
202 silly audit   'is-generator-function': [ '1.1.2' ],
202 silly audit   'is-glob': [ '4.0.3' ],
202 silly audit   'is-map': [ '2.0.3' ],
202 silly audit   'is-negative-zero': [ '2.0.3' ],
202 silly audit   'is-number': [ '7.0.0' ],
202 silly audit   'is-number-object': [ '1.1.1' ],
202 silly audit   'is-property': [ '1.0.2' ],
202 silly audit   'is-regex': [ '1.2.1' ],
202 silly audit   'is-set': [ '2.0.3' ],
202 silly audit   'is-shared-array-buffer': [ '1.0.4' ],
202 silly audit   'is-string': [ '1.1.1' ],
202 silly audit   'is-symbol': [ '1.1.1' ],
202 silly audit   'is-typed-array': [ '1.1.15' ],
202 silly audit   'is-weakmap': [ '2.0.2' ],
202 silly audit   'is-weakref': [ '1.1.1' ],
202 silly audit   'is-weakset': [ '2.0.4' ],
202 silly audit   isarray: [ '2.0.5' ],
202 silly audit   isexe: [ '2.0.0' ],
202 silly audit   'iterator.prototype': [ '1.1.5' ],
202 silly audit   jiti: [ '2.6.1' ],
202 silly audit   'js-tokens': [ '4.0.0' ],
202 silly audit   'js-yaml': [ '4.1.1' ],
202 silly audit   jsesc: [ '3.1.0' ],
202 silly audit   'json-buffer': [ '3.0.1' ],
202 silly audit   'json-stable-stringify-without-jsonify': [ '1.0.1' ],
202 silly audit   json5: [ '2.2.3', '1.0.2' ],
202 silly audit   'jsx-ast-utils': [ '3.3.5' ],
202 silly audit   keyv: [ '4.5.4' ],
202 silly audit   'language-subtag-registry': [ '0.3.23' ],
202 silly audit   'language-tags': [ '1.0.9' ],
202 silly audit   levn: [ '0.4.1' ],
202 silly audit   'locate-path': [ '6.0.0' ],
202 silly audit   'lodash.merge': [ '4.6.2' ],
202 silly audit   long: [ '5.3.2' ],
202 silly audit   'loose-envify': [ '1.4.0' ],
202 silly audit   'lru-cache': [ '5.1.1' ],
202 silly audit   'lru.min': [ '1.1.4' ],
202 silly audit   'math-intrinsics': [ '1.1.0' ],
202 silly audit   merge2: [ '1.4.1' ],
202 silly audit   micromatch: [ '4.0.8' ],
202 silly audit   minimist: [ '1.2.8' ],
202 silly audit   ms: [ '2.1.3' ],
202 silly audit   mysql2: [ '3.15.3' ],
202 silly audit   'named-placeholders': [ '1.1.6' ],
202 silly audit   nanoid: [ '3.3.11' ],
202 silly audit   'napi-postinstall': [ '0.3.4' ],
202 silly audit   'natural-compare': [ '1.4.0' ],
202 silly audit   next: [ '16.2.3' ],
202 silly audit   'node-exports-info': [ '1.6.0' ],
202 silly audit   'node-fetch-native': [ '1.6.7' ],
202 silly audit   'node-releases': [ '2.0.37' ],
202 silly audit   nypm: [ '0.6.5' ],
202 silly audit   'object-assign': [ '4.1.1' ],
202 silly audit   'object-inspect': [ '1.13.4' ],
202 silly audit   'object-keys': [ '1.1.1' ],
202 silly audit   'object.assign': [ '4.1.7' ],
202 silly audit   'object.entries': [ '1.1.9' ],
202 silly audit   'object.fromentries': [ '2.0.8' ],
202 silly audit   'object.groupby': [ '1.0.3' ],
202 silly audit   'object.values': [ '1.2.1' ],
202 silly audit   ohash: [ '2.0.11' ],
202 silly audit   optionator: [ '0.9.4' ],
202 silly audit   'own-keys': [ '1.0.1' ],
202 silly audit   'p-limit': [ '3.1.0' ],
202 silly audit   'p-locate': [ '5.0.0' ],
202 silly audit   'parent-module': [ '1.0.1' ],
202 silly audit   'path-exists': [ '4.0.0' ],
202 silly audit   'path-key': [ '3.1.1' ],
202 silly audit   'path-parse': [ '1.0.7' ],
202 silly audit   pathe: [ '2.0.3' ],
202 silly audit   'perfect-debounce': [ '1.0.0' ],
202 silly audit   pg: [ '8.20.0' ],
202 silly audit   'pg-cloudflare': [ '1.3.0' ],
202 silly audit   'pg-connection-string': [ '2.12.0' ],
202 silly audit   'pg-int8': [ '1.0.1' ],
202 silly audit   'pg-pool': [ '3.13.0' ],
202 silly audit   'pg-protocol': [ '1.13.0' ],
202 silly audit   'pg-types': [ '2.2.0' ],
202 silly audit   'postgres-array': [ '2.0.0', '3.0.4' ],
202 silly audit   pgpass: [ '1.0.5' ],
202 silly audit   picocolors: [ '1.1.1' ],
202 silly audit   picomatch: [ '2.3.2', '4.0.4' ],
202 silly audit   'pkg-types': [ '2.3.0' ],
202 silly audit   'possible-typed-array-names': [ '1.1.0' ],
202 silly audit   postgres: [ '3.4.7' ],
202 silly audit   'postgres-bytea': [ '1.0.1' ],
202 silly audit   'postgres-date': [ '1.0.7' ],
202 silly audit   'postgres-interval': [ '1.2.0' ],
202 silly audit   'prelude-ls': [ '1.2.1' ],
202 silly audit   prisma: [ '7.7.0' ],
202 silly audit   'prop-types': [ '15.8.1' ],
202 silly audit   'proper-lockfile': [ '4.1.2' ],
202 silly audit   'signal-exit': [ '3.0.7', '4.1.0' ],
202 silly audit   punycode: [ '2.3.1' ],
202 silly audit   'pure-rand': [ '6.1.0' ],
202 silly audit   'queue-microtask': [ '1.2.3' ],
202 silly audit   rc9: [ '2.1.2' ],
202 silly audit   react: [ '19.2.4' ],
202 silly audit   'react-dom': [ '19.2.4' ],
202 silly audit   'react-is': [ '16.13.1' ],
202 silly audit   readdirp: [ '4.1.2' ],
202 silly audit   'reflect.getprototypeof': [ '1.0.10' ],
202 silly audit   'regexp.prototype.flags': [ '1.5.4' ],
202 silly audit   remeda: [ '2.33.4' ],
202 silly audit   'require-from-string': [ '2.0.2' ],
202 silly audit   resolve: [ '2.0.0-next.6' ],
202 silly audit   'resolve-from': [ '4.0.0' ],
202 silly audit   'resolve-pkg-maps': [ '1.0.0' ],
202 silly audit   retry: [ '0.12.0' ],
202 silly audit   reusify: [ '1.1.0' ],
202 silly audit   'run-parallel': [ '1.2.0' ],
202 silly audit   'safe-array-concat': [ '1.1.3' ],
202 silly audit   'safe-push-apply': [ '1.0.0' ],
202 silly audit   'safe-regex-test': [ '1.1.0' ],
202 silly audit   'safer-buffer': [ '2.1.2' ],
202 silly audit   scheduler: [ '0.27.0' ],
202 silly audit   'seq-queue': [ '0.0.5' ],
202 silly audit   'set-function-length': [ '1.2.2' ],
202 silly audit   'set-function-name': [ '2.0.2' ],
202 silly audit   'set-proto': [ '1.0.0' ],
202 silly audit   sharp: [ '0.34.5' ],
202 silly audit   'shebang-command': [ '2.0.0' ],
202 silly audit   'shebang-regex': [ '3.0.0' ],
202 silly audit   'side-channel': [ '1.1.0' ],
202 silly audit   'side-channel-list': [ '1.0.1' ],
202 silly audit   'side-channel-map': [ '1.0.1' ],
202 silly audit   'side-channel-weakmap': [ '1.0.2' ],
202 silly audit   'source-map-js': [ '1.2.1' ],
202 silly audit   split2: [ '4.2.0' ],
202 silly audit   sqlstring: [ '2.3.3' ],
202 silly audit   'stable-hash': [ '0.0.5' ],
202 silly audit   'std-env': [ '3.10.0' ],
202 silly audit   'stop-iteration-iterator': [ '1.1.0' ],
202 silly audit   'string.prototype.includes': [ '2.0.1' ],
202 silly audit   'string.prototype.matchall': [ '4.0.12' ],
202 silly audit   'string.prototype.repeat': [ '1.0.0' ],
202 silly audit   'string.prototype.trim': [ '1.2.10' ],
202 silly audit   'string.prototype.trimend': [ '1.0.9' ],
202 silly audit   'string.prototype.trimstart': [ '1.0.8' ],
202 silly audit   'strip-bom': [ '3.0.0' ],
202 silly audit   'strip-json-comments': [ '3.1.1' ],
202 silly audit   'styled-jsx': [ '5.1.6' ],
202 silly audit   'supports-color': [ '7.2.0' ],
202 silly audit   'supports-preserve-symlinks-flag': [ '1.0.0' ],
202 silly audit   tinyexec: [ '1.1.1' ],
202 silly audit   tinyglobby: [ '0.2.16' ],
202 silly audit   fdir: [ '6.5.0' ],
202 silly audit   'to-regex-range': [ '5.0.1' ],
202 silly audit   'ts-api-utils': [ '2.5.0' ],
202 silly audit   'tsconfig-paths': [ '3.15.0' ],
202 silly audit   tslib: [ '2.8.1' ],
202 silly audit   'type-check': [ '0.4.0' ],
202 silly audit   'typed-array-buffer': [ '1.0.3' ],
202 silly audit   'typed-array-byte-length': [ '1.0.3' ],
202 silly audit   'typed-array-byte-offset': [ '1.0.4' ],
202 silly audit   'typed-array-length': [ '1.0.7' ],
202 silly audit   typescript: [ '5.9.3' ],
202 silly audit   'typescript-eslint': [ '8.58.1' ],
202 silly audit   'unbox-primitive': [ '1.1.0' ],
202 silly audit   'undici-types': [ '6.21.0' ],
202 silly audit   'unrs-resolver': [ '1.11.1' ],
202 silly audit   'update-browserslist-db': [ '1.2.3' ],
202 silly audit   'uri-js': [ '4.4.1' ],
202 silly audit   valibot: [ '1.2.0' ],
202 silly audit   which: [ '2.0.2' ],
202 silly audit   'which-boxed-primitive': [ '1.1.1' ],
202 silly audit   'which-builtin-type': [ '1.2.1' ],
202 silly audit   'which-collection': [ '1.0.2' ],
202 silly audit   'which-typed-array': [ '1.1.20' ],
202 silly audit   'word-wrap': [ '1.2.5' ],
202 silly audit   xtend: [ '4.0.2' ],
202 silly audit   yallist: [ '3.1.1' ],
202 silly audit   'yocto-queue': [ '0.1.0' ],
202 silly audit   zeptomatch: [ '2.1.0' ],
202 silly audit   zod: [ '4.3.6' ],
202 silly audit   'zod-validation-error': [ '4.0.2' ],
202 silly audit   '@tailwindcss/postcss': [ '4.2.2' ],
202 silly audit   'lucide-react': [ '1.8.0' ],
202 silly audit   postcss: [ '8.5.9', '8.4.31' ],
202 silly audit   tailwindcss: [ '4.2.2' ],
202 silly audit   '@alloc/quick-lru': [ '5.2.0' ],
202 silly audit   '@tailwindcss/node': [ '4.2.2' ],
202 silly audit   '@tailwindcss/oxide': [ '4.2.2' ],
202 silly audit   'enhanced-resolve': [ '5.20.1' ],
202 silly audit   lightningcss: [ '1.32.0' ],
202 silly audit   'magic-string': [ '0.30.21' ],
202 silly audit   '@tailwindcss/oxide-android-arm64': [ '4.2.2' ],
202 silly audit   '@tailwindcss/oxide-darwin-arm64': [ '4.2.2' ],
202 silly audit   '@tailwindcss/oxide-darwin-x64': [ '4.2.2' ],
202 silly audit   '@tailwindcss/oxide-freebsd-x64': [ '4.2.2' ],
202 silly audit   '@tailwindcss/oxide-linux-arm-gnueabihf': [ '4.2.2' ],
202 silly audit   '@tailwindcss/oxide-linux-arm64-gnu': [ '4.2.2' ],
202 silly audit   '@tailwindcss/oxide-linux-arm64-musl': [ '4.2.2' ],
202 silly audit   '@tailwindcss/oxide-linux-x64-gnu': [ '4.2.2' ],
202 silly audit   '@tailwindcss/oxide-linux-x64-musl': [ '4.2.2' ],
202 silly audit   '@tailwindcss/oxide-wasm32-wasi': [ '4.2.2' ],
202 silly audit   '@tailwindcss/oxide-win32-arm64-msvc': [ '4.2.2' ],
202 silly audit   '@tailwindcss/oxide-win32-x64-msvc': [ '4.2.2' ],
202 silly audit   tapable: [ '2.3.2' ],
202 silly audit   'lightningcss-android-arm64': [ '1.32.0' ],
202 silly audit   'lightningcss-darwin-arm64': [ '1.32.0' ],
202 silly audit   'lightningcss-darwin-x64': [ '1.32.0' ],
202 silly audit   'lightningcss-freebsd-x64': [ '1.32.0' ],
202 silly audit   'lightningcss-linux-arm-gnueabihf': [ '1.32.0' ],
202 silly audit   'lightningcss-linux-arm64-gnu': [ '1.32.0' ],
202 silly audit   'lightningcss-linux-arm64-musl': [ '1.32.0' ],
202 silly audit   'lightningcss-linux-x64-gnu': [ '1.32.0' ],
202 silly audit   'lightningcss-linux-x64-musl': [ '1.32.0' ],
202 silly audit   'lightningcss-win32-arm64-msvc': [ '1.32.0' ],
202 silly audit   'lightningcss-win32-x64-msvc': [ '1.32.0' ]
202 silly audit }
203 http cache tapable@https://registry.npmjs.org/tapable/-/tapable-2.3.2.tgz 0ms (cache hit)
204 http cache @tailwindcss/oxide-darwin-arm64@https://registry.npmjs.org/@tailwindcss/oxide-darwin-arm64/-/oxide-darwin-arm64-4.2.2.tgz 0ms (cache hit)
205 http cache magic-string@https://registry.npmjs.org/magic-string/-/magic-string-0.30.21.tgz 0ms (cache hit)
206 http cache lightningcss-darwin-arm64@https://registry.npmjs.org/lightningcss-darwin-arm64/-/lightningcss-darwin-arm64-1.32.0.tgz 0ms (cache hit)
207 http cache lightningcss@https://registry.npmjs.org/lightningcss/-/lightningcss-1.32.0.tgz 0ms (cache hit)
208 http cache @tailwindcss/oxide@https://registry.npmjs.org/@tailwindcss/oxide/-/oxide-4.2.2.tgz 0ms (cache hit)
209 http cache @alloc/quick-lru@https://registry.npmjs.org/@alloc/quick-lru/-/quick-lru-5.2.0.tgz 0ms (cache hit)
210 http cache @tailwindcss/node@https://registry.npmjs.org/@tailwindcss/node/-/node-4.2.2.tgz 0ms (cache hit)
211 http cache enhanced-resolve@https://registry.npmjs.org/enhanced-resolve/-/enhanced-resolve-5.20.1.tgz 0ms (cache hit)
212 http cache lucide-react@https://registry.npmjs.org/lucide-react/-/lucide-react-1.8.0.tgz 0ms (cache hit)
213 http cache tailwindcss@https://registry.npmjs.org/tailwindcss/-/tailwindcss-4.2.2.tgz 0ms (cache hit)
214 http cache @tailwindcss/postcss@https://registry.npmjs.org/@tailwindcss/postcss/-/postcss-4.2.2.tgz 0ms (cache hit)
215 http cache @tybys/wasm-util@https://registry.npmjs.org/@tybys/wasm-util/-/wasm-util-0.10.1.tgz 0ms (cache hit)
216 http cache @napi-rs/wasm-runtime@https://registry.npmjs.org/@napi-rs/wasm-runtime/-/wasm-runtime-0.2.12.tgz 0ms (cache hit)
217 http cache @emnapi/core@https://registry.npmjs.org/@emnapi/core/-/core-1.9.2.tgz 0ms (cache hit)
218 http cache @emnapi/wasi-threads@https://registry.npmjs.org/@emnapi/wasi-threads/-/wasi-threads-1.2.1.tgz 0ms (cache hit)
219 silly tarball no local data for tapable@https://registry.npmjs.org/tapable/-/tapable-2.3.2.tgz. Extracting by manifest.
220 silly tarball no local data for @tailwindcss/oxide-darwin-arm64@https://registry.npmjs.org/@tailwindcss/oxide-darwin-arm64/-/oxide-darwin-arm64-4.2.2.tgz. Extracting by manifest.
221 http cache postcss@https://registry.npmjs.org/postcss/-/postcss-8.4.31.tgz 0ms (cache hit)
222 http cache postcss@https://registry.npmjs.org/postcss/-/postcss-8.5.9.tgz 0ms (cache hit)
223 silly tarball no local data for lightningcss-darwin-arm64@https://registry.npmjs.org/lightningcss-darwin-arm64/-/lightningcss-darwin-arm64-1.32.0.tgz. Extracting by manifest.
224 silly tarball no local data for @tailwindcss/oxide@https://registry.npmjs.org/@tailwindcss/oxide/-/oxide-4.2.2.tgz. Extracting by manifest.
225 silly tarball no local data for magic-string@https://registry.npmjs.org/magic-string/-/magic-string-0.30.21.tgz. Extracting by manifest.
226 silly tarball no local data for @alloc/quick-lru@https://registry.npmjs.org/@alloc/quick-lru/-/quick-lru-5.2.0.tgz. Extracting by manifest.
227 silly tarball no local data for lightningcss@https://registry.npmjs.org/lightningcss/-/lightningcss-1.32.0.tgz. Extracting by manifest.
228 silly tarball no local data for enhanced-resolve@https://registry.npmjs.org/enhanced-resolve/-/enhanced-resolve-5.20.1.tgz. Extracting by manifest.
229 silly tarball no local data for @tailwindcss/node@https://registry.npmjs.org/@tailwindcss/node/-/node-4.2.2.tgz. Extracting by manifest.
230 silly tarball no local data for lucide-react@https://registry.npmjs.org/lucide-react/-/lucide-react-1.8.0.tgz. Extracting by manifest.
231 silly tarball no local data for tailwindcss@https://registry.npmjs.org/tailwindcss/-/tailwindcss-4.2.2.tgz. Extracting by manifest.
232 silly tarball no local data for @tailwindcss/postcss@https://registry.npmjs.org/@tailwindcss/postcss/-/postcss-4.2.2.tgz. Extracting by manifest.
233 silly tarball no local data for @napi-rs/wasm-runtime@https://registry.npmjs.org/@napi-rs/wasm-runtime/-/wasm-runtime-0.2.12.tgz. Extracting by manifest.
234 silly tarball no local data for @emnapi/core@https://registry.npmjs.org/@emnapi/core/-/core-1.9.2.tgz. Extracting by manifest.
235 silly tarball no local data for @tybys/wasm-util@https://registry.npmjs.org/@tybys/wasm-util/-/wasm-util-0.10.1.tgz. Extracting by manifest.
236 silly tarball no local data for @emnapi/wasi-threads@https://registry.npmjs.org/@emnapi/wasi-threads/-/wasi-threads-1.2.1.tgz. Extracting by manifest.
237 silly tarball no local data for postcss@https://registry.npmjs.org/postcss/-/postcss-8.5.9.tgz. Extracting by manifest.
238 http fetch GET 200 https://registry.npmjs.org/lightningcss/-/lightningcss-1.32.0.tgz 33ms (cache miss)
239 http fetch GET 200 https://registry.npmjs.org/tapable/-/tapable-2.3.2.tgz 37ms (cache miss)
240 http fetch GET 200 https://registry.npmjs.org/enhanced-resolve/-/enhanced-resolve-5.20.1.tgz 40ms (cache miss)
241 http fetch GET 200 https://registry.npmjs.org/magic-string/-/magic-string-0.30.21.tgz 42ms (cache miss)
242 http fetch GET 200 https://registry.npmjs.org/@alloc/quick-lru/-/quick-lru-5.2.0.tgz 44ms (cache miss)
243 http fetch GET 200 https://registry.npmjs.org/@tailwindcss/oxide/-/oxide-4.2.2.tgz 63ms (cache miss)
244 http fetch GET 200 https://registry.npmjs.org/@tailwindcss/node/-/node-4.2.2.tgz 76ms (cache miss)
245 http fetch GET 200 https://registry.npmjs.org/postcss/-/postcss-8.5.9.tgz 90ms (cache miss)
246 http fetch GET 200 https://registry.npmjs.org/@emnapi/wasi-threads/-/wasi-threads-1.2.1.tgz 104ms (cache miss)
247 http fetch GET 200 https://registry.npmjs.org/tailwindcss/-/tailwindcss-4.2.2.tgz 107ms (cache miss)
248 http fetch GET 200 https://registry.npmjs.org/@napi-rs/wasm-runtime/-/wasm-runtime-0.2.12.tgz 265ms (cache miss)
249 http fetch GET 200 https://registry.npmjs.org/lightningcss-darwin-arm64/-/lightningcss-darwin-arm64-1.32.0.tgz 293ms (cache miss)
250 http fetch POST 200 https://registry.npmjs.org/-/npm/v1/security/advisories/bulk 360ms
251 silly audit report {
251 silly audit report   '@hono/node-server': [
251 silly audit report     {
251 silly audit report       id: 1116281,
251 silly audit report       url: 'https://github.com/advisories/GHSA-92pp-h63x-v22m',
251 silly audit report       title: '@hono/node-server: Middleware bypass via repeated slashes in serveStatic',
251 silly audit report       severity: 'moderate',
251 silly audit report       vulnerable_versions: '<1.19.13',
251 silly audit report       cwe: [Array],
251 silly audit report       cvss: [Object]
251 silly audit report     }
251 silly audit report   ]
251 silly audit report }
252 silly packumentCache corgi:https://registry.npmjs.org/@hono%2fnode-server cache-miss
253 http fetch GET 200 https://registry.npmjs.org/@tailwindcss/postcss/-/postcss-4.2.2.tgz 391ms (cache miss)
254 http fetch GET 200 https://registry.npmjs.org/@tailwindcss/oxide-darwin-arm64/-/oxide-darwin-arm64-4.2.2.tgz 428ms (cache miss)
255 http fetch GET 200 https://registry.npmjs.org/@emnapi/core/-/core-1.9.2.tgz 433ms (cache miss)
256 http fetch GET 200 https://registry.npmjs.org/lucide-react/-/lucide-react-1.8.0.tgz 582ms (cache miss)
257 http fetch GET 200 https://registry.npmjs.org/@hono%2fnode-server 232ms (cache revalidated)
258 silly packumentCache corgi:https://registry.npmjs.org/@hono%2fnode-server set size:84452 disposed:false
259 silly packumentCache corgi:https://registry.npmjs.org/@prisma%2fdev cache-miss
260 http fetch GET 200 https://registry.npmjs.org/@prisma%2fdev 231ms (cache revalidated)
261 silly packumentCache corgi:https://registry.npmjs.org/@prisma%2fdev set size:959256 disposed:false
262 silly packumentCache corgi:https://registry.npmjs.org/prisma cache-miss
263 http fetch GET 200 https://registry.npmjs.org/prisma 47ms (cache revalidated)
264 silly packumentCache corgi:https://registry.npmjs.org/prisma set size:22769242 disposed:false
265 silly packumentCache corgi:https://registry.npmjs.org/@prisma%2fclient cache-miss
266 http fetch GET 200 https://registry.npmjs.org/@tybys/wasm-util/-/wasm-util-0.10.1.tgz 1087ms (cache miss)
267 http fetch GET 200 https://registry.npmjs.org/@prisma%2fclient 173ms (cache revalidated)
268 silly packumentCache corgi:https://registry.npmjs.org/@prisma%2fclient set size:37741727 disposed:false
269 silly ADD node_modules/lightningcss-darwin-arm64
270 silly ADD node_modules/tapable
271 silly ADD node_modules/@tailwindcss/oxide-darwin-arm64
272 silly ADD node_modules/magic-string
273 silly ADD node_modules/lightningcss
274 silly ADD node_modules/enhanced-resolve
275 silly ADD node_modules/@tailwindcss/oxide
276 silly ADD node_modules/@tailwindcss/node
277 silly ADD node_modules/@alloc/quick-lru
278 silly ADD node_modules/tailwindcss
279 silly ADD node_modules/lucide-react
280 silly ADD node_modules/@tailwindcss/postcss
281 silly ADD node_modules/@tybys/wasm-util
282 silly ADD node_modules/@napi-rs/wasm-runtime
283 silly ADD node_modules/@emnapi/wasi-threads
284 silly ADD node_modules/@emnapi/core
285 silly CHANGE node_modules/postcss
286 silly ADD node_modules/next/node_modules/postcss
287 verbose cwd /Users/malcolmgovender/SwifterWallet/swifter-wallet
288 verbose os Darwin 25.4.0
289 verbose node v25.9.0
290 verbose npm  v11.12.1
291 verbose exit 0
292 info ok
